{
  "RSpec": {
    "coverage": {
      "/Users/yuichirokaneko/ruby/simplecov_sample/lib/simplecov_sample.rb": [
        1,
        null,
        1,
        1,
        1,
        9,
        null,
        null,
        1,
        3,
        null,
        null,
        null,
        null,
        null,
        null,
        1,
        1,
        1,
        null,
        null,
        null,
        1,
        3,
        1,
        null,
        null,
        null,
        1,
        1,
        0,
        null,
        1,
        null,
        null,
        null,
        1,
        1,
        null,
        null,
        1,
        1,
        1,
        null,
        null,
        1,
        1,
        null,
        0,
        null,
        1,
        null,
        0,
        null,
        null,
        null,
        1,
        1,
        0,
        null,
        null,
        null,
        1,
        1,
        null,
        null,
        null
      ]
    },
    "timestamp": 1428852884
  }
}
